<?xml version="1.0" encoding="UTF-8"?>
<!-- Generated by org.testng.reporters.JUnitXMLReporter -->
<testsuite ignored="1" hostname="DESKTOP-00FTE3P" failures="0" tests="1" name="Default test" time="32.247" errors="0" timestamp="2025-12-29T12:32:05 CST">
  <testcase classname="com.orangehrm.test.LoginPageTest" name="inValidLoginTest" time="18.653"/>
  <testcase classname="com.orangehrm.test.LoginPageTest" name="verifyValidLoginTest" time="0.0">
    <ignored/>
  </testcase> <!-- verifyValidLoginTest -->
</testsuite> <!-- Default test -->
