<?xml version="1.0" encoding="UTF-8"?>
<!-- Generated by org.testng.reporters.JUnitXMLReporter -->
<testsuite ignored="3" hostname="DESKTOP-00FTE3P" failures="0" tests="5" name="OrangeHRMTest1" time="37.462" errors="0" timestamp="2025-12-31T09:00:24 CST">
  <testcase classname="com.orangehrm.test.DummyClass" name="dummyTest" time="0.021"/>
  <testcase classname="com.orangehrm.test.DummyClass2" name="dummyTest" time="0.015"/>
  <testcase classname="com.orangehrm.test.LoginPageTest" name="inValidLoginTest" time="1.77"/>
  <testcase classname="com.orangehrm.test.LoginPageTest" name="verifyValidLoginTest" time="5.01"/>
  <testcase classname="com.orangehrm.test.HomePageTest" name="verifyOrangeHRMLogoTest" time="5.617"/>
  <testcase classname="com.orangehrm.base.BaseClass" name="@BeforeSuite loadConfig" time="0.0">
    <ignored/>
  </testcase> <!-- @BeforeSuite loadConfig -->
  <testcase classname="com.orangehrm.base.BaseClass" name="@BeforeSuite loadConfig" time="0.0">
    <ignored/>
  </testcase> <!-- @BeforeSuite loadConfig -->
  <testcase classname="com.orangehrm.base.BaseClass" name="@BeforeSuite loadConfig" time="0.0">
    <ignored/>
  </testcase> <!-- @BeforeSuite loadConfig -->
</testsuite> <!-- OrangeHRMTest1 -->
