<?xml version="1.0" encoding="UTF-8"?>
<!-- Generated by org.testng.reporters.JUnitXMLReporter -->
<testsuite ignored="3" hostname="DESKTOP-00FTE3P" failures="0" tests="5" name="OrangeHRMTest" time="21.966" errors="0" timestamp="2025-12-29T11:43:37 CST">
  <testcase classname="com.orangehrm.test.DummyClass" name="dummyTest" time="0.09"/>
  <testcase classname="com.orangehrm.test.DummyClass2" name="dummyTest" time="0.024"/>
  <testcase classname="com.orangehrm.test.LoginPageTest" name="inValidLoginTest" time="1.525"/>
  <testcase classname="com.orangehrm.test.HomePageTest" name="verifyOrangeHRMLogoTest" time="5.573"/>
  <testcase classname="com.orangehrm.test.LoginPageTest" name="verifyValidLoginTest" time="7.049"/>
  <testcase classname="com.orangehrm.base.BaseClass" name="@BeforeSuite loadConfig" time="0.0">
    <ignored/>
  </testcase> <!-- @BeforeSuite loadConfig -->
  <testcase classname="com.orangehrm.base.BaseClass" name="@BeforeSuite loadConfig" time="0.0">
    <ignored/>
  </testcase> <!-- @BeforeSuite loadConfig -->
  <testcase classname="com.orangehrm.base.BaseClass" name="@BeforeSuite loadConfig" time="0.0">
    <ignored/>
  </testcase> <!-- @BeforeSuite loadConfig -->
</testsuite> <!-- OrangeHRMTest -->
