<?xml version="1.0" encoding="UTF-8"?>
<!-- Generated by org.testng.reporters.JUnitXMLReporter -->
<testsuite ignored="3" hostname="DESKTOP-00FTE3P" failures="1" tests="7" name="OrangeHRMTest" time="32.986" errors="0" timestamp="2026-01-02T17:36:19 CST">
  <testcase classname="com.orangehrm.test.DummyClass" name="dummyTest" time="0.035">
    <skipped/>
  </testcase> <!-- dummyTest -->
  <testcase classname="com.orangehrm.test.DummyClass2" name="dummyTest" time="0.027"/>
  <testcase classname="com.orangehrm.test.LoginPageTest" name="inValidLoginTest" time="2.834">
    <failure type="java.lang.AssertionError" message="Test Failed: Error message is not displayed for invalid login. expected [true] but found [false]">
      <![CDATA[java.lang.AssertionError: Test Failed: Error message is not displayed for invalid login. expected [true] but found [false]
at com.orangehrm.test.LoginPageTest.inValidLoginTest(LoginPageTest.java:46)
at java.base/java.util.concurrent.Executors$RunnableAdapter.call(Executors.java:545)
at java.base/java.util.concurrent.FutureTask.run(FutureTask.java:328)
at java.base/java.util.concurrent.ThreadPoolExecutor.runWorker(ThreadPoolExecutor.java:1090)
at java.base/java.util.concurrent.ThreadPoolExecutor$Worker.run(ThreadPoolExecutor.java:614)
at java.base/java.lang.Thread.run(Thread.java:1474)
... Removed 14 stack frames]]>
    </failure>
  </testcase> <!-- inValidLoginTest -->
  <testcase classname="com.orangehrm.test.HomePageTest" name="verifyOrangeHRMLogoTest" time="5.532"/>
  <testcase classname="com.orangehrm.test.LoginPageTest" name="verifyValidLoginTest" time="6.076"/>
  <testcase classname="com.orangehrm.test.HomePageTest" name="verifyOrangeHRMLogoTest" time="4.471"/>
  <testcase classname="com.orangehrm.test.LoginPageTest" name="verifyValidLoginTest" time="5.708"/>
  <testcase classname="com.orangehrm.base.BaseClass" name="@BeforeSuite loadConfig" time="0.0">
    <ignored/>
  </testcase> <!-- @BeforeSuite loadConfig -->
  <testcase classname="com.orangehrm.base.BaseClass" name="@BeforeSuite loadConfig" time="0.0">
    <ignored/>
  </testcase> <!-- @BeforeSuite loadConfig -->
  <testcase classname="com.orangehrm.base.BaseClass" name="@BeforeSuite loadConfig" time="0.0">
    <ignored/>
  </testcase> <!-- @BeforeSuite loadConfig -->
</testsuite> <!-- OrangeHRMTest -->
