<?xml version="1.0" encoding="UTF-8"?>
<!-- Generated by org.testng.reporters.JUnitXMLReporter -->
<testsuite ignored="3" hostname="DESKTOP-00FTE3P" failures="0" tests="5" name="OrangeHRMTest" time="17.087" errors="0" timestamp="2025-12-31T16:39:39 CST">
  <testcase classname="com.orangehrm.test.DummyClass2" name="dummyTest" time="0.031"/>
  <testcase classname="com.orangehrm.test.DummyClass" name="dummyTest" time="0.022">
    <skipped/>
  </testcase> <!-- dummyTest -->
  <testcase classname="com.orangehrm.test.LoginPageTest" name="inValidLoginTest" time="1.368"/>
  <testcase classname="com.orangehrm.test.HomePageTest" name="verifyOrangeHRMLogoTest" time="5.644"/>
  <testcase classname="com.orangehrm.test.LoginPageTest" name="verifyValidLoginTest" time="4.427"/>
  <testcase classname="com.orangehrm.base.BaseClass" name="@BeforeSuite loadConfig" time="0.0">
    <ignored/>
  </testcase> <!-- @BeforeSuite loadConfig -->
  <testcase classname="com.orangehrm.base.BaseClass" name="@BeforeSuite loadConfig" time="0.0">
    <ignored/>
  </testcase> <!-- @BeforeSuite loadConfig -->
  <testcase classname="com.orangehrm.base.BaseClass" name="@BeforeSuite loadConfig" time="0.0">
    <ignored/>
  </testcase> <!-- @BeforeSuite loadConfig -->
</testsuite> <!-- OrangeHRMTest -->
