<?xml version="1.0" encoding="UTF-8"?>
<!-- Generated by org.testng.reporters.JUnitXMLReporter -->
<testsuite ignored="2" hostname="DESKTOP-00FTE3P" failures="0" tests="4" name="OrangeHRMTest" time="25.023" errors="0" timestamp="2025-12-21T15:31:15 CST">
  <testcase classname="com.orangehrm.test.DummyClass" name="dummyTest" time="0.02"/>
  <testcase classname="com.orangehrm.test.DummyClass2" name="dummyTest" time="0.009"/>
  <testcase classname="com.orangehrm.test.LoginPageTest" name="inValidLoginTest" time="0.873"/>
  <testcase classname="com.orangehrm.test.LoginPageTest" name="verifyValidLoginTest" time="4.396"/>
  <testcase classname="com.orangehrm.base.BaseClass" name="@BeforeSuite loadConfig" time="0.0">
    <ignored/>
  </testcase> <!-- @BeforeSuite loadConfig -->
  <testcase classname="com.orangehrm.base.BaseClass" name="@BeforeSuite loadConfig" time="0.0">
    <ignored/>
  </testcase> <!-- @BeforeSuite loadConfig -->
</testsuite> <!-- OrangeHRMTest -->
