<?xml version="1.0" encoding="UTF-8"?>
<!-- Generated by org.testng.reporters.JUnitXMLReporter -->
<testsuite ignored="1" hostname="DESKTOP-00FTE3P" failures="0" tests="2" name="OrangeHRMTest" time="9.834" errors="0" timestamp="2025-12-17T16:54:17 CST">
  <testcase classname="com.orangehrm.test.DummyClass" name="dummyTest" time="0.018"/>
  <testcase classname="com.orangehrm.test.DummyClass2" name="dummyTest" time="0.009"/>
  <testcase classname="com.orangehrm.base.BaseClass" name="@BeforeSuite loadConfig" time="0.0">
    <ignored/>
  </testcase> <!-- @BeforeSuite loadConfig -->
</testsuite> <!-- OrangeHRMTest -->
