<?xml version="1.0" encoding="UTF-8"?>
<testng-results ignored="0" total="1" passed="1" failed="0" skipped="0">
  <reporter-output>
  </reporter-output>
  <suite started-at="2025-12-15T13:04:41 CST" name="Default suite" finished-at="2025-12-15T13:04:45 CST" duration-ms="3334">
    <groups>
    </groups>
    <test started-at="2025-12-15T13:04:41 CST" name="Default test" finished-at="2025-12-15T13:04:45 CST" duration-ms="3334">
      <class name="com.orangeHRM.test.DummyClass">
        <test-method is-config="true" signature="setup()[pri:0, instance:com.orangeHRM.test.DummyClass@1cbbffcd]" started-at="2025-12-15T13:04:41 CST" name="setup" finished-at="2025-12-15T13:04:44 CST" duration-ms="3058" status="PASS">
          <reporter-output>
          </reporter-output>
        </test-method> <!-- setup -->
        <test-method signature="dummyTest()[pri:0, instance:com.orangeHRM.test.DummyClass@1cbbffcd]" started-at="2025-12-15T13:04:44 CST" name="dummyTest" finished-at="2025-12-15T13:04:44 CST" duration-ms="16" status="PASS">
          <reporter-output>
          </reporter-output>
        </test-method> <!-- dummyTest -->
        <test-method is-config="true" signature="tearDown()[pri:0, instance:com.orangeHRM.test.DummyClass@1cbbffcd]" started-at="2025-12-15T13:04:44 CST" name="tearDown" finished-at="2025-12-15T13:04:45 CST" duration-ms="220" status="PASS">
          <reporter-output>
          </reporter-output>
        </test-method> <!-- tearDown -->
      </class> <!-- com.orangeHRM.test.DummyClass -->
    </test> <!-- Default test -->
  </suite> <!-- Default suite -->
</testng-results>
