<?xml version="1.0" encoding="UTF-8"?>
<testng-results ignored="0" total="5" passed="5" failed="0" skipped="0">
  <reporter-output>
  </reporter-output>
  <suite started-at="2025-12-29T11:43:15 CST" name="OrangeHRMSuite" finished-at="2025-12-29T11:43:37 CST" duration-ms="21966">
    <groups>
    </groups>
    <test started-at="2025-12-29T11:43:15 CST" name="OrangeHRMTest" finished-at="2025-12-29T11:43:37 CST" duration-ms="21966">
      <class name="com.orangehrm.test.HomePageTest">
        <test-method is-config="true" signature="setup()[pri:0, instance:com.orangehrm.test.HomePageTest@609db546]" started-at="2025-12-29T11:43:15 CST" name="setup" finished-at="2025-12-29T11:43:22 CST" duration-ms="7616" status="PASS">
          <reporter-output>
          </reporter-output>
        </test-method> <!-- setup -->
        <test-method is-config="true" signature="setupPages()[pri:0, instance:com.orangehrm.test.HomePageTest@609db546]" started-at="2025-12-29T11:43:22 CST" name="setupPages" finished-at="2025-12-29T11:43:22 CST" duration-ms="6" status="PASS">
          <reporter-output>
          </reporter-output>
        </test-method> <!-- setupPages -->
        <test-method signature="verifyOrangeHRMLogoTest()[pri:0, instance:com.orangehrm.test.HomePageTest@609db546]" started-at="2025-12-29T11:43:22 CST" name="verifyOrangeHRMLogoTest" finished-at="2025-12-29T11:43:28 CST" duration-ms="5573" status="PASS">
          <reporter-output>
          </reporter-output>
        </test-method> <!-- verifyOrangeHRMLogoTest -->
        <test-method is-config="true" signature="tearDown()[pri:0, instance:com.orangehrm.test.HomePageTest@609db546]" started-at="2025-12-29T11:43:28 CST" name="tearDown" finished-at="2025-12-29T11:43:28 CST" duration-ms="263" status="PASS">
          <reporter-output>
          </reporter-output>
        </test-method> <!-- tearDown -->
      </class> <!-- com.orangehrm.test.HomePageTest -->
      <class name="com.orangehrm.test.DummyClass">
        <test-method is-config="true" signature="loadConfig()[pri:0, instance:com.orangehrm.test.DummyClass@48793bef]" started-at="2025-12-29T11:43:15 CST" name="loadConfig" finished-at="2025-12-29T11:43:15 CST" duration-ms="20" status="PASS">
          <reporter-output>
          </reporter-output>
        </test-method> <!-- loadConfig -->
        <test-method is-config="true" signature="setup()[pri:0, instance:com.orangehrm.test.DummyClass@48793bef]" started-at="2025-12-29T11:43:15 CST" name="setup" finished-at="2025-12-29T11:43:21 CST" duration-ms="6451" status="PASS">
          <reporter-output>
          </reporter-output>
        </test-method> <!-- setup -->
        <test-method signature="dummyTest()[pri:0, instance:com.orangehrm.test.DummyClass@48793bef]" started-at="2025-12-29T11:43:21 CST" name="dummyTest" finished-at="2025-12-29T11:43:21 CST" duration-ms="90" status="PASS">
          <reporter-output>
          </reporter-output>
        </test-method> <!-- dummyTest -->
        <test-method is-config="true" signature="tearDown()[pri:0, instance:com.orangehrm.test.DummyClass@48793bef]" started-at="2025-12-29T11:43:21 CST" name="tearDown" finished-at="2025-12-29T11:43:22 CST" duration-ms="515" status="PASS">
          <reporter-output>
          </reporter-output>
        </test-method> <!-- tearDown -->
      </class> <!-- com.orangehrm.test.DummyClass -->
      <class name="com.orangehrm.test.DummyClass2">
        <test-method is-config="true" signature="setup()[pri:0, instance:com.orangehrm.test.DummyClass2@44c73c26]" started-at="2025-12-29T11:43:15 CST" name="setup" finished-at="2025-12-29T11:43:23 CST" duration-ms="8858" status="PASS">
          <reporter-output>
          </reporter-output>
        </test-method> <!-- setup -->
        <test-method signature="dummyTest()[pri:0, instance:com.orangehrm.test.DummyClass2@44c73c26]" started-at="2025-12-29T11:43:23 CST" name="dummyTest" finished-at="2025-12-29T11:43:23 CST" duration-ms="24" status="PASS">
          <reporter-output>
          </reporter-output>
        </test-method> <!-- dummyTest -->
        <test-method is-config="true" signature="tearDown()[pri:0, instance:com.orangehrm.test.DummyClass2@44c73c26]" started-at="2025-12-29T11:43:23 CST" name="tearDown" finished-at="2025-12-29T11:43:24 CST" duration-ms="368" status="PASS">
          <reporter-output>
          </reporter-output>
        </test-method> <!-- tearDown -->
      </class> <!-- com.orangehrm.test.DummyClass2 -->
      <class name="com.orangehrm.test.LoginPageTest">
        <test-method is-config="true" signature="setup()[pri:0, instance:com.orangehrm.test.LoginPageTest@41005828]" started-at="2025-12-29T11:43:15 CST" name="setup" finished-at="2025-12-29T11:43:23 CST" duration-ms="8827" status="PASS">
          <reporter-output>
          </reporter-output>
        </test-method> <!-- setup -->
        <test-method is-config="true" signature="setupPages()[pri:0, instance:com.orangehrm.test.LoginPageTest@41005828]" started-at="2025-12-29T11:43:23 CST" name="setupPages" finished-at="2025-12-29T11:43:23 CST" duration-ms="0" status="PASS">
          <reporter-output>
          </reporter-output>
        </test-method> <!-- setupPages -->
        <test-method signature="inValidLoginTest()[pri:0, instance:com.orangehrm.test.LoginPageTest@41005828]" started-at="2025-12-29T11:43:23 CST" name="inValidLoginTest" finished-at="2025-12-29T11:43:25 CST" duration-ms="1525" status="PASS">
          <reporter-output>
          </reporter-output>
        </test-method> <!-- inValidLoginTest -->
        <test-method is-config="true" signature="tearDown()[pri:0, instance:com.orangehrm.test.LoginPageTest@41005828]" started-at="2025-12-29T11:43:25 CST" name="tearDown" finished-at="2025-12-29T11:43:25 CST" duration-ms="321" status="PASS">
          <reporter-output>
          </reporter-output>
        </test-method> <!-- tearDown -->
        <test-method is-config="true" signature="setup()[pri:0, instance:com.orangehrm.test.LoginPageTest@41005828]" started-at="2025-12-29T11:43:25 CST" name="setup" finished-at="2025-12-29T11:43:29 CST" duration-ms="3918" status="PASS">
          <reporter-output>
          </reporter-output>
        </test-method> <!-- setup -->
        <test-method signature="verifyValidLoginTest()[pri:0, instance:com.orangehrm.test.LoginPageTest@41005828]" started-at="2025-12-29T11:43:29 CST" name="verifyValidLoginTest" finished-at="2025-12-29T11:43:36 CST" duration-ms="7049" status="PASS">
          <reporter-output>
          </reporter-output>
        </test-method> <!-- verifyValidLoginTest -->
        <test-method is-config="true" signature="setupPages()[pri:0, instance:com.orangehrm.test.LoginPageTest@41005828]" started-at="2025-12-29T11:43:29 CST" name="setupPages" finished-at="2025-12-29T11:43:29 CST" duration-ms="0" status="PASS">
          <reporter-output>
          </reporter-output>
        </test-method> <!-- setupPages -->
        <test-method is-config="true" signature="tearDown()[pri:0, instance:com.orangehrm.test.LoginPageTest@41005828]" started-at="2025-12-29T11:43:36 CST" name="tearDown" finished-at="2025-12-29T11:43:37 CST" duration-ms="271" status="PASS">
          <reporter-output>
          </reporter-output>
        </test-method> <!-- tearDown -->
      </class> <!-- com.orangehrm.test.LoginPageTest -->
    </test> <!-- OrangeHRMTest -->
  </suite> <!-- OrangeHRMSuite -->
</testng-results>
