<?xml version="1.0" encoding="UTF-8"?>
<testng-results ignored="0" total="2" passed="2" failed="0" skipped="0">
  <reporter-output>
  </reporter-output>
  <suite started-at="2025-12-24T17:08:44 CST" name="Default suite" finished-at="2025-12-24T17:09:18 CST" duration-ms="34514">
    <groups>
    </groups>
    <test started-at="2025-12-24T17:08:44 CST" name="Default test" finished-at="2025-12-24T17:09:18 CST" duration-ms="34514">
      <class name="com.orangehrm.test.LoginPageTest">
        <test-method is-config="true" signature="loadConfig()[pri:0, instance:com.orangehrm.test.LoginPageTest@3e74829]" started-at="2025-12-24T17:08:44 CST" name="loadConfig" finished-at="2025-12-24T17:08:44 CST" duration-ms="18" status="PASS">
          <reporter-output>
          </reporter-output>
        </test-method> <!-- loadConfig -->
        <test-method is-config="true" signature="setup()[pri:0, instance:com.orangehrm.test.LoginPageTest@3e74829]" started-at="2025-12-24T17:08:44 CST" name="setup" finished-at="2025-12-24T17:08:48 CST" duration-ms="4577" status="PASS">
          <reporter-output>
          </reporter-output>
        </test-method> <!-- setup -->
        <test-method is-config="true" signature="setupPages()[pri:0, instance:com.orangehrm.test.LoginPageTest@3e74829]" started-at="2025-12-24T17:08:48 CST" name="setupPages" finished-at="2025-12-24T17:08:48 CST" duration-ms="3" status="PASS">
          <reporter-output>
          </reporter-output>
        </test-method> <!-- setupPages -->
        <test-method signature="inValidLoginTest()[pri:0, instance:com.orangehrm.test.LoginPageTest@3e74829]" started-at="2025-12-24T17:08:48 CST" name="inValidLoginTest" finished-at="2025-12-24T17:09:09 CST" duration-ms="20727" status="PASS">
          <reporter-output>
          </reporter-output>
        </test-method> <!-- inValidLoginTest -->
        <test-method is-config="true" signature="tearDown()[pri:0, instance:com.orangehrm.test.LoginPageTest@3e74829]" started-at="2025-12-24T17:09:09 CST" name="tearDown" finished-at="2025-12-24T17:09:09 CST" duration-ms="255" status="PASS">
          <reporter-output>
          </reporter-output>
        </test-method> <!-- tearDown -->
        <test-method is-config="true" signature="setup()[pri:0, instance:com.orangehrm.test.LoginPageTest@3e74829]" started-at="2025-12-24T17:09:09 CST" name="setup" finished-at="2025-12-24T17:09:13 CST" duration-ms="3955" status="PASS">
          <reporter-output>
          </reporter-output>
        </test-method> <!-- setup -->
        <test-method is-config="true" signature="setupPages()[pri:0, instance:com.orangehrm.test.LoginPageTest@3e74829]" started-at="2025-12-24T17:09:13 CST" name="setupPages" finished-at="2025-12-24T17:09:13 CST" duration-ms="1" status="PASS">
          <reporter-output>
          </reporter-output>
        </test-method> <!-- setupPages -->
        <test-method signature="verifyValidLoginTest()[pri:0, instance:com.orangehrm.test.LoginPageTest@3e74829]" started-at="2025-12-24T17:09:13 CST" name="verifyValidLoginTest" finished-at="2025-12-24T17:09:18 CST" duration-ms="4642" status="PASS">
          <reporter-output>
          </reporter-output>
        </test-method> <!-- verifyValidLoginTest -->
        <test-method is-config="true" signature="tearDown()[pri:0, instance:com.orangehrm.test.LoginPageTest@3e74829]" started-at="2025-12-24T17:09:18 CST" name="tearDown" finished-at="2025-12-24T17:09:18 CST" duration-ms="316" status="PASS">
          <reporter-output>
          </reporter-output>
        </test-method> <!-- tearDown -->
      </class> <!-- com.orangehrm.test.LoginPageTest -->
    </test> <!-- Default test -->
  </suite> <!-- Default suite -->
</testng-results>
