<?xml version="1.0" encoding="UTF-8"?>
<!-- Generated by org.testng.reporters.JUnitReportReporter -->
<testsuite hostname="DESKTOP-00FTE3P" failures="0" tests="2" name="com.orangehrm.test.LoginPageTest" time="14.570" errors="0" timestamp="2025-12-21T16:04:23 CST" skipped="0">
  <testcase classname="com.orangehrm.test.LoginPageTest" name="inValidLoginTest" time="5.150"/>
  <testcase classname="com.orangehrm.test.LoginPageTest" name="verifyValidLoginTest" time="9.420"/>
</testsuite> <!-- com.orangehrm.test.LoginPageTest -->
