<?xml version="1.0" encoding="UTF-8"?>
<!-- Generated by org.testng.reporters.JUnitReportReporter -->
<testsuite hostname="DESKTOP-00FTE3P" failures="0" tests="2" name="com.orangehrm.test.DummyClass2" time="8.285" errors="0" timestamp="2025-12-17T16:54:26 CST" skipped="0">
  <testcase classname="com.orangehrm.test.DummyClass2" name="dummyTest" time="4.146"/>
  <testcase classname="com.orangehrm.test.DummyClass2" name="dummyTest" time="4.139"/>
</testsuite> <!-- com.orangehrm.test.DummyClass2 -->
