<?xml version="1.0" encoding="UTF-8"?>
<!-- Generated by org.testng.reporters.JUnitReportReporter -->
<testsuite hostname="DESKTOP-00FTE3P" failures="0" tests="2" name="com.orangehrm.test.HomePageTest" time="21.697" errors="0" timestamp="2026-01-02T17:36:20 CST" skipped="0">
  <testcase classname="com.orangehrm.test.HomePageTest" name="verifyOrangeHRMLogoTest" time="11.577"/>
  <testcase classname="com.orangehrm.test.HomePageTest" name="verifyOrangeHRMLogoTest" time="10.120"/>
</testsuite> <!-- com.orangehrm.test.HomePageTest -->
