<?xml version="1.0" encoding="UTF-8"?>
<!-- Generated by org.testng.reporters.JUnitReportReporter -->
<testsuite hostname="DESKTOP-00FTE3P" failures="0" tests="2" name="com.orangehrm.test.LoginPageTest" time="34.476" errors="0" timestamp="2025-12-24T17:09:19 CST" skipped="0">
  <testcase classname="com.orangehrm.test.LoginPageTest" name="verifyValidLoginTest" time="9.538"/>
  <testcase classname="com.orangehrm.test.LoginPageTest" name="inValidLoginTest" time="24.938"/>
</testsuite> <!-- com.orangehrm.test.LoginPageTest -->
