<?xml version="1.0" encoding="UTF-8"?>
<!-- Generated by org.testng.reporters.JUnitReportReporter -->
<testsuite hostname="DESKTOP-00FTE3P" failures="0" tests="2" name="com.orangehrm.test.LoginPageTest" time="17.038" errors="0" timestamp="2025-12-31T16:39:40 CST" skipped="0">
  <testcase classname="com.orangehrm.test.LoginPageTest" name="verifyValidLoginTest" time="8.835"/>
  <testcase classname="com.orangehrm.test.LoginPageTest" name="inValidLoginTest" time="8.203"/>
</testsuite> <!-- com.orangehrm.test.LoginPageTest -->
