<?xml version="1.0" encoding="UTF-8"?>
<!-- Generated by org.testng.reporters.JUnitReportReporter -->
<testsuite hostname="DESKTOP-00FTE3P" failures="0" tests="2" name="com.orangehrm.test.LoginPageTest" time="21.911" errors="0" timestamp="2025-12-29T11:43:37 CST" skipped="0">
  <testcase classname="com.orangehrm.test.LoginPageTest" name="inValidLoginTest" time="10.623"/>
  <testcase classname="com.orangehrm.test.LoginPageTest" name="verifyValidLoginTest" time="11.288"/>
</testsuite> <!-- com.orangehrm.test.LoginPageTest -->
